INFO: [VRFC 10-2263] Analyzing SystemVerilog file "D:/_code/axi-iic-fv/axi-iic-fv.srcs/sim_1/new/axi4Lite_transaction.sv" into library xil_defaultlib
WARNING: [VRFC 10-5025] system function call '$psprintf' is not IEEE standard [D:/_code/axi-iic-fv/axi-iic-fv.srcs/sim_1/new/axi4Lite_transaction.sv:44]
WARNING: [VRFC 10-5025] system function call '$psprintf' is not IEEE standard [D:/_code/axi-iic-fv/axi-iic-fv.srcs/sim_1/new/axi4Lite_transaction.sv:45]
WARNING: [VRFC 10-5025] system function call '$psprintf' is not IEEE standard [D:/_code/axi-iic-fv/axi-iic-fv.srcs/sim_1/new/axi4Lite_transaction.sv:46]
WARNING: [VRFC 10-5025] system function call '$psprintf' is not IEEE standard [D:/_code/axi-iic-fv/axi-iic-fv.srcs/sim_1/new/axi4Lite_transaction.sv:47]
INFO: [VRFC 10-2263] Analyzing SystemVerilog file "D:/_code/axi-iic-fv/axi-iic-fv.srcs/sim_1/new/axi4Lite_intf.sv" into library xil_defaultlib
INFO: [VRFC 10-2263] Analyzing SystemVerilog file "D:/_code/axi-iic-fv/axi-iic-fv.srcs/sources_1/new/axi_iic_verilog.sv" into library xil_defaultlib
INFO: [VRFC 10-311] analyzing module axi_iic_0_wrapper
INFO: [VRFC 10-2263] Analyzing SystemVerilog file "D:/_code/axi-iic-fv/axi-iic-fv.srcs/sim_1/new/testbench.sv" into library xil_defaultlib
WARNING: [VRFC 10-5025] system function call '$psprintf' is not IEEE standard [D:/_code/axi-iic-fv/axi-iic-fv.srcs/sim_1/new/axi4Lite_driver.sv:43]
WARNING: [VRFC 10-5025] system function call '$psprintf' is not IEEE standard [D:/_code/axi-iic-fv/axi-iic-fv.srcs/sim_1/new/axi4Lite_driver.sv:66]
WARNING: [VRFC 10-5025] system function call '$psprintf' is not IEEE standard [D:/_code/axi-iic-fv/axi-iic-fv.srcs/sim_1/new/axi4Lite_driver.sv:91]
WARNING: [VRFC 10-5025] system function call '$psprintf' is not IEEE standard [D:/_code/axi-iic-fv/axi-iic-fv.srcs/sim_1/new/axi4Lite_driver.sv:93]
WARNING: [VRFC 10-5025] system function call '$psprintf' is not IEEE standard [D:/_code/axi-iic-fv/axi-iic-fv.srcs/sim_1/new/axi4Lite_monitor.sv:60]
WARNING: [VRFC 10-5025] system function call '$psprintf' is not IEEE standard [D:/_code/axi-iic-fv/axi-iic-fv.srcs/sim_1/new/axi4Lite_monitor.sv:77]
WARNING: [VRFC 10-5025] system function call '$psprintf' is not IEEE standard [D:/_code/axi-iic-fv/axi-iic-fv.srcs/sim_1/new/scoreboard.sv:48]
WARNING: [VRFC 10-5025] system function call '$psprintf' is not IEEE standard [D:/_code/axi-iic-fv/axi-iic-fv.srcs/sim_1/new/axi4Lite_baseSequence.sv:42]
WARNING: [VRFC 10-5025] system function call '$psprintf' is not IEEE standard [D:/_code/axi-iic-fv/axi-iic-fv.srcs/sim_1/new/axi4Lite_baseSequence.sv:51]
INFO: [VRFC 10-311] analyzing module testbench
WARNING: [VRFC 10-5025] system function call '$psprintf' is not IEEE standard [D:/_code/axi-iic-fv/axi-iic-fv.srcs/sim_1/new/testbench.sv:106]
WARNING: [VRFC 10-3824] variable 'clkLimit' must explicitly be declared as automatic or static [D:/_code/axi-iic-fv/axi-iic-fv.srcs/sim_1/new/testbench.sv:104]
