Time resolution is 1 ps
UVM_INFO D:/Xilinx/Vivado/2024.1/data/system_verilog/uvm_1.2/xlnx_uvm_package.sv(18601) @ 0: reporter [UVM/RELNOTES] 
----------------------------------------------------------------
UVM-1.2
(C) 2007-2014 Mentor Graphics Corporation
(C) 2007-2014 Cadence Design Systems, Inc.
(C) 2006-2014 Synopsys, Inc.
(C) 2011-2013 Cypress Semiconductor Corp.
(C) 2013-2014 NVIDIA Corporation
----------------------------------------------------------------

  ***********       IMPORTANT RELEASE NOTES         ************

  You are using a version of the UVM library that has been compiled
  with `UVM_NO_DEPRECATED undefined.

  You are using a version of the UVM library that has been compiled
  with `UVM_OBJECT_DO_NOT_NEED_CONSTRUCTOR undefined.

      (Specify +UVM_NO_RELNOTES to turn off this notice)

UVM_INFO @ 0: reporter [RNTST] Running test base_test...
Note: axi_iic configured for SDA inertial delay of 0 clocks.
Time: 0 ps  Iteration: 0  Process: /testbench/dut_inst/vhdl_inst/U0/X_IIC/FILTER_I/line__5000  File: D:/Xilinx/Vivado/2024.1/data/ip/xilinx/axi_iic_v2_1/hdl/axi_iic_v2_1_vh_rfs.vhd
Note: axi_iic configured for SCL inertial delay of 0 clocks.
Time: 0 ps  Iteration: 0  Process: /testbench/dut_inst/vhdl_inst/U0/X_IIC/FILTER_I/line__4974  File: D:/Xilinx/Vivado/2024.1/data/ip/xilinx/axi_iic_v2_1/hdl/axi_iic_v2_1_vh_rfs.vhd
UVM_INFO D:/Xilinx/Vivado/2024.1/data/system_verilog/uvm_1.2/xlnx_uvm_package.sv(20867) @ 0: reporter [UVM/COMP/NAMECHECK] This implementation of the component name checks requires DPI to be enabled
UVM_INFO D:/_code/axi-iic-fv/axi-iic-fv.srcs/sim_1/new/axi4Lite_baseSequence.sv(42) @ 0: uvm_test_top.env.agent.sequencer@@baseSeq [axi4Lite_baseSequence] Going to generate           5 axi4Lite transactions
UVM_INFO D:/_code/axi-iic-fv/axi-iic-fv.srcs/sim_1/new/axi4Lite_driver.sv(43) @ 0: uvm_test_top.env.agent.driver [axi4Lite_driver] Received new item: 
	 * readData=0
	 * writeData=f56b8370
	 * addr=18
	 * writeEnable=1
UVM_INFO D:/_code/axi-iic-fv/axi-iic-fv.srcs/sim_1/new/axi4Lite_driver.sv(64) @ 105000: uvm_test_top.env.agent.driver [axi4Lite_driver] Write access successfull
UVM_INFO D:/_code/axi-iic-fv/axi-iic-fv.srcs/sim_1/new/axi4Lite_monitor.sv(60) @ 105000: uvm_test_top.env.agent.monitor [axi4Lite_monitor] Detected a new write response: 
	 * readData=0
	 * writeData=f56b8370
	 * addr=18
	 * writeEnable=1
UVM_INFO D:/_code/axi-iic-fv/axi-iic-fv.srcs/sim_1/new/axi4Lite_driver.sv(43) @ 115000: uvm_test_top.env.agent.driver [axi4Lite_driver] Received new item: 
	 * readData=0
	 * writeData=dc702053
	 * addr=2
	 * writeEnable=1
UVM_INFO D:/_code/axi-iic-fv/axi-iic-fv.srcs/sim_1/new/axi4Lite_monitor.sv(60) @ 165000: uvm_test_top.env.agent.monitor [axi4Lite_monitor] Detected a new write response: 
	 * readData=0
	 * writeData=dc702053
	 * addr=2
	 * writeEnable=1
UVM_INFO D:/_code/axi-iic-fv/axi-iic-fv.srcs/sim_1/new/axi4Lite_driver.sv(64) @ 165000: uvm_test_top.env.agent.driver [axi4Lite_driver] Write access successfull
UVM_INFO D:/_code/axi-iic-fv/axi-iic-fv.srcs/sim_1/new/axi4Lite_driver.sv(43) @ 175000: uvm_test_top.env.agent.driver [axi4Lite_driver] Received new item: 
	 * readData=0
	 * writeData=ea7959f6
	 * addr=b
	 * writeEnable=1
UVM_INFO D:/_code/axi-iic-fv/axi-iic-fv.srcs/sim_1/new/axi4Lite_monitor.sv(60) @ 225000: uvm_test_top.env.agent.monitor [axi4Lite_monitor] Detected a new write response: 
	 * readData=0
	 * writeData=ea7959f6
	 * addr=b
	 * writeEnable=1
UVM_INFO D:/_code/axi-iic-fv/axi-iic-fv.srcs/sim_1/new/axi4Lite_driver.sv(64) @ 225000: uvm_test_top.env.agent.driver [axi4Lite_driver] Write access successfull
UVM_INFO D:/_code/axi-iic-fv/axi-iic-fv.srcs/sim_1/new/axi4Lite_driver.sv(43) @ 235000: uvm_test_top.env.agent.driver [axi4Lite_driver] Received new item: 
	 * readData=0
	 * writeData=1f8730dd
	 * addr=2
	 * writeEnable=0
UVM_INFO D:/_code/axi-iic-fv/axi-iic-fv.srcs/sim_1/new/axi4Lite_monitor.sv(77) @ 285000: uvm_test_top.env.agent.monitor [axi4Lite_monitor] Detected a new read response: 
	 * readData=0
	 * writeData=0
	 * addr=2
	 * writeEnable=0
UVM_ERROR D:/_code/axi-iic-fv/axi-iic-fv.srcs/sim_1/new/scoreboard.sv(48) @ 285000: uvm_test_top.env.sb [DUT_ERROR] Read mismatch on address 2, expected dc702053, received 0
UVM_INFO D:/_code/axi-iic-fv/axi-iic-fv.srcs/sim_1/new/axi4Lite_driver.sv(91) @ 285000: uvm_test_top.env.agent.driver [axi4Lite_driver] Successfully read data 0
UVM_INFO D:/_code/axi-iic-fv/axi-iic-fv.srcs/sim_1/new/axi4Lite_driver.sv(43) @ 295000: uvm_test_top.env.agent.driver [axi4Lite_driver] Received new item: 
	 * readData=0
	 * writeData=fb99a440
	 * addr=e
	 * writeEnable=1
UVM_INFO D:/_code/axi-iic-fv/axi-iic-fv.srcs/sim_1/new/axi4Lite_monitor.sv(60) @ 345000: uvm_test_top.env.agent.monitor [axi4Lite_monitor] Detected a new write response: 
	 * readData=0
	 * writeData=fb99a440
	 * addr=e
	 * writeEnable=1
UVM_INFO D:/_code/axi-iic-fv/axi-iic-fv.srcs/sim_1/new/axi4Lite_driver.sv(64) @ 345000: uvm_test_top.env.agent.driver [axi4Lite_driver] Write access successfull
UVM_INFO D:/_code/axi-iic-fv/axi-iic-fv.srcs/sim_1/new/axi4Lite_baseSequence.sv(51) @ 355000: uvm_test_top.env.agent.sequencer@@baseSeq [axi4Lite_baseSequence] Finished generating axi4Lite transactions
UVM_INFO D:/Xilinx/Vivado/2024.1/data/system_verilog/uvm_1.2/xlnx_uvm_package.sv(19968) @ 355000: reporter [TEST_DONE] 'run' phase is ready to proceed to the 'extract' phase
UVM_INFO D:/Xilinx/Vivado/2024.1/data/system_verilog/uvm_1.2/xlnx_uvm_package.sv(13673) @ 355000: reporter [UVM/REPORT/SERVER] 
--- UVM Report Summary ---

** Report counts by severity
UVM_INFO :   21
UVM_WARNING :    0
UVM_ERROR :    1
UVM_FATAL :    0
** Report counts by id
[DUT_ERROR]     1
[RNTST]     1
[TEST_DONE]     1
[UVM/COMP/NAMECHECK]     1
[UVM/RELNOTES]     1
[axi4Lite_baseSequence]     2
[axi4Lite_driver]    10
[axi4Lite_monitor]     5

$finish called at time : 355 ns : File "D:/Xilinx/Vivado/2024.1/data/system_verilog/uvm_1.2/xlnx_uvm_package.sv" Line 18699
